This file contains any messages produced by compilers while
running configure, to aid debugging if configure makes a mistake.

It was created by Sudoku configure 0.0.1, which was
generated by GNU Autoconf 2.61.  Invocation command line was

  $ ./configure --enable-maintainer-mode MCSFLAGS=-debug

## --------- ##
## Platform. ##
## --------- ##

hostname = mercury
uname -m = i686
uname -r = 2.6.24-1-686
uname -s = Linux
uname -v = #1 SMP Thu May 8 02:16:39 UTC 2008

/usr/bin/uname -p = unknown
/bin/uname -X     = unknown

/bin/arch              = unknown
/usr/bin/arch -k       = unknown
/usr/convex/getsysinfo = unknown
/usr/bin/hostinfo      = unknown
/bin/machine           = unknown
/usr/bin/oslevel       = unknown
/bin/universe          = unknown

PATH: /home/andu/development/sync/opensync//bin
PATH: /usr/local/bin
PATH: /usr/bin
PATH: /bin
PATH: /usr/games


## ----------- ##
## Core tests. ##
## ----------- ##

configure:1700: checking for a BSD-compatible install
configure:1756: result: /usr/bin/install -c
configure:1767: checking whether build environment is sane
configure:1810: result: yes
configure:1838: checking for a thread-safe mkdir -p
configure:1877: result: /bin/mkdir -p
configure:1890: checking for gawk
configure:1906: found /usr/bin/gawk
configure:1917: result: gawk
configure:1928: checking whether make sets $(MAKE)
configure:1949: result: yes
configure:2151: checking for mcs
configure:2182: result: no
configure:2193: checking for gmcs
configure:2211: found /usr/bin/gmcs
configure:2224: result: /usr/bin/gmcs
configure:2237: checking for mono
configure:2255: found /usr/bin/mono
configure:2268: result: /usr/bin/mono
configure:2417: creating ./config.status

## ---------------------- ##
## Running config.status. ##
## ---------------------- ##

This file was extended by Sudoku config.status 0.0.1, which was
generated by GNU Autoconf 2.61.  Invocation command line was

  CONFIG_FILES    = 
  CONFIG_HEADERS  = 
  CONFIG_LINKS    = 
  CONFIG_COMMANDS = 
  $ ./config.status 

on mercury

config.status:610: creating Makefile
config.status:610: creating src/Makefile
config.status:610: creating config.h

## ---------------- ##
## Cache variables. ##
## ---------------- ##

ac_cv_env_build_alias_set=
ac_cv_env_build_alias_value=
ac_cv_env_host_alias_set=
ac_cv_env_host_alias_value=
ac_cv_env_target_alias_set=
ac_cv_env_target_alias_value=
ac_cv_path_GCS=/usr/bin/gmcs
ac_cv_path_MCS=no
ac_cv_path_MONO=/usr/bin/mono
ac_cv_path_install='/usr/bin/install -c'
ac_cv_path_mkdir=/bin/mkdir
ac_cv_prog_AWK=gawk
ac_cv_prog_make_make_set=yes

## ----------------- ##
## Output variables. ##
## ----------------- ##

ACLOCAL='${SHELL} /home/andu/development/Sudoku/Sudoku.Core/config/missing --run aclocal-1.10'
AMTAR='${SHELL} /home/andu/development/Sudoku/Sudoku.Core/config/missing --run tar'
AUTOCONF='${SHELL} /home/andu/development/Sudoku/Sudoku.Core/config/missing --run autoconf'
AUTOHEADER='${SHELL} /home/andu/development/Sudoku/Sudoku.Core/config/missing --run autoheader'
AUTOMAKE='${SHELL} /home/andu/development/Sudoku/Sudoku.Core/config/missing --run automake-1.10'
AWK='gawk'
CYGPATH_W='echo'
DEFS='-DHAVE_CONFIG_H'
ECHO_C=''
ECHO_N='-n'
ECHO_T=''
GCS='/usr/bin/gmcs'
INSTALL_DATA='${INSTALL} -m 644'
INSTALL_PROGRAM='${INSTALL}'
INSTALL_SCRIPT='${INSTALL}'
INSTALL_STRIP_PROGRAM='$(install_sh) -c -s'
LIBOBJS=''
LIBS=''
LTLIBOBJS=''
MAKEINFO='${SHELL} /home/andu/development/Sudoku/Sudoku.Core/config/missing --run makeinfo'
MCS='/usr/bin/gmcs'
MCSFLAGS='-debug'
MONO='/usr/bin/mono'
PACKAGE='sudoku'
PACKAGE_BUGREPORT='alexandru.iancu at gmail.com'
PACKAGE_NAME='Sudoku'
PACKAGE_STRING='Sudoku 0.0.1'
PACKAGE_TARNAME='sudoku'
PACKAGE_VERSION='0.0.1'
PATH_SEPARATOR=':'
SET_MAKE=''
SHELL='/bin/sh'
STRIP=''
VERSION='0.0.1'
am__isrc=''
am__leading_dot='.'
am__tar='${AMTAR} chof - "$$tardir"'
am__untar='${AMTAR} xf -'
bindir='${exec_prefix}/bin'
build_alias=''
datadir='${datarootdir}'
datarootdir='${prefix}/share'
docdir='${datarootdir}/doc/${PACKAGE_TARNAME}'
dvidir='${docdir}'
exec_prefix='${prefix}'
host_alias=''
htmldir='${docdir}'
includedir='${prefix}/include'
infodir='${datarootdir}/info'
install_sh='$(SHELL) /home/andu/development/Sudoku/Sudoku.Core/config/install-sh'
libdir='${exec_prefix}/lib'
libexecdir='${exec_prefix}/libexec'
localedir='${datarootdir}/locale'
localstatedir='${prefix}/var'
mandir='${datarootdir}/man'
mkdir_p='/bin/mkdir -p'
oldincludedir='/usr/include'
pdfdir='${docdir}'
prefix='/usr/local'
program_transform_name='s,x,x,'
psdir='${docdir}'
sbindir='${exec_prefix}/sbin'
sharedstatedir='${prefix}/com'
sysconfdir='${prefix}/etc'
target_alias=''

## ----------- ##
## confdefs.h. ##
## ----------- ##

#define PACKAGE_NAME "Sudoku"
#define PACKAGE_TARNAME "sudoku"
#define PACKAGE_VERSION "0.0.1"
#define PACKAGE_STRING "Sudoku 0.0.1"
#define PACKAGE_BUGREPORT "alexandru.iancu at gmail.com"
#define PACKAGE "sudoku"
#define VERSION "0.0.1"

configure: exit 0
